<?xml version="1.0" encoding="UTF-8"?>
<!-- Generated by org.testng.reporters.JUnitXMLReporter -->
<testsuite ignored="0" hostname="DESKTOP-2TC5V0K" failures="0" tests="3" name="Default test" time="0.039" errors="0" timestamp="2023-06-21T18:52:13 EDT">
  <testcase classname="practice.TestNG" name="Writetestcases" time="0.008"/>
  <testcase classname="practice.TestNG" name="defectlog" time="0.001"/>
  <testcase classname="practice.TestNG" name="executetestcases" time="0.001"/>
</testsuite> <!-- Default test -->
