<?xml version="1.0" encoding="UTF-8"?>
<testng-results ignored="0" total="3" passed="3" failed="0" skipped="0">
  <reporter-output>
  </reporter-output>
  <suite started-at="2023-06-21T18:52:13 EDT" name="Default suite" finished-at="2023-06-21T18:52:13 EDT" duration-ms="39">
    <groups>
    </groups>
    <test started-at="2023-06-21T18:52:13 EDT" name="Default test" finished-at="2023-06-21T18:52:13 EDT" duration-ms="39">
      <class name="practice.TestNG">
        <test-method is-config="true" signature="beforesuite()[pri:0, instance:practice.TestNG@36d585c]" started-at="2023-06-21T18:52:13 EDT" name="beforesuite" finished-at="2023-06-21T18:52:13 EDT" duration-ms="7" status="PASS">
          <reporter-output>
          </reporter-output>
        </test-method> <!-- beforesuite -->
        <test-method is-config="true" signature="beforetest()[pri:0, instance:practice.TestNG@36d585c]" started-at="2023-06-21T18:52:13 EDT" name="beforetest" finished-at="2023-06-21T18:52:13 EDT" duration-ms="0" status="PASS">
          <reporter-output>
          </reporter-output>
        </test-method> <!-- beforetest -->
        <test-method is-config="true" signature="beforemethod()[pri:0, instance:practice.TestNG@36d585c]" started-at="2023-06-21T18:52:13 EDT" name="beforemethod" finished-at="2023-06-21T18:52:13 EDT" duration-ms="1" status="PASS">
          <reporter-output>
          </reporter-output>
        </test-method> <!-- beforemethod -->
        <test-method signature="Writetestcases()[pri:1, instance:practice.TestNG@36d585c]" started-at="2023-06-21T18:52:13 EDT" name="Writetestcases" finished-at="2023-06-21T18:52:13 EDT" duration-ms="8" status="PASS">
          <reporter-output>
          </reporter-output>
        </test-method> <!-- Writetestcases -->
        <test-method signature="defectlog()[pri:2, instance:practice.TestNG@36d585c]" started-at="2023-06-21T18:52:13 EDT" name="defectlog" finished-at="2023-06-21T18:52:13 EDT" duration-ms="1" status="PASS">
          <reporter-output>
          </reporter-output>
        </test-method> <!-- defectlog -->
        <test-method is-config="true" signature="beforemethod()[pri:0, instance:practice.TestNG@36d585c]" started-at="2023-06-21T18:52:13 EDT" name="beforemethod" finished-at="2023-06-21T18:52:13 EDT" duration-ms="0" status="PASS">
          <reporter-output>
          </reporter-output>
        </test-method> <!-- beforemethod -->
        <test-method signature="executetestcases()[pri:3, instance:practice.TestNG@36d585c]" started-at="2023-06-21T18:52:13 EDT" name="executetestcases" finished-at="2023-06-21T18:52:13 EDT" duration-ms="1" status="PASS">
          <reporter-output>
          </reporter-output>
        </test-method> <!-- executetestcases -->
        <test-method is-config="true" signature="beforemethod()[pri:0, instance:practice.TestNG@36d585c]" started-at="2023-06-21T18:52:13 EDT" name="beforemethod" finished-at="2023-06-21T18:52:13 EDT" duration-ms="0" status="PASS">
          <reporter-output>
          </reporter-output>
        </test-method> <!-- beforemethod -->
        <test-method is-config="true" signature="aftersuite()[pri:0, instance:practice.TestNG@36d585c]" started-at="2023-06-21T18:52:13 EDT" name="aftersuite" finished-at="2023-06-21T18:52:13 EDT" duration-ms="1" status="PASS">
          <reporter-output>
          </reporter-output>
        </test-method> <!-- aftersuite -->
      </class> <!-- practice.TestNG -->
    </test> <!-- Default test -->
  </suite> <!-- Default suite -->
</testng-results>
